
ff: parsing domain file
domain 'DOMINIO_HOTEL_CASO_BASE' defined
 ... done.
ff: parsing problem file
problem 'PROBLEMA_CASO_BASE' defined
 ... done.


no metric specified. plan length assumed.

checking for cyclic := effects --- OK.

ff: search configuration is  best-first on 1*g(s) + 5*h(s) where
    metric is  plan length

advancing to distance:    4
                          3
                          2

best first search space empty! problem proven unsolvable.



time spent:    0.00 seconds instantiating 0 easy, 7 hard action templates
               0.00 seconds reachability analysis, yielding 23 facts and 7 actions
               0.00 seconds creating final representation with 22 relevant facts, 0 relevant fluents
               0.00 seconds computing LNF
               0.00 seconds building connectivity graph
               0.00 seconds searching, evaluating 38 states, to a max depth of 0
               0.00 seconds total time

