
ff: parsing domain file
domain 'DOMINIO_HOTEL_EXT_3' defined
 ... done.
ff: parsing problem file
problem 'PROBLEMA_EXT_3' defined
 ... done.


metric established (normalized to minimize): ((5.00*[RF1](RESERVAS-DESCARTADAS)1.00*[RF0](PLAZAS-DESPERDICIADAS)) - () + 0.00)

checking for cyclic := effects --- OK.

ff: search configuration is  best-first on 1*g(s) + 5*h(s) where
    metric is ((5.00*[RF1](RESERVAS-DESCARTADAS)1.00*[RF0](PLAZAS-DESPERDICIADAS)) - () + 0.00)

advancing to distance:   20
                         19
                         18
                         17
                         16
                         15
                         14
                         13
                         12
                         11
                         10
                          9
                          8
                          7
                          6
                          5
                          4
                          3
                          2
                          1
                          0

ff: found legal plan as follows

step    0: DESCARTAR-RESERVA R019
        1: DESCARTAR-RESERVA R017
        2: DESCARTAR-RESERVA R015
        3: DESCARTAR-RESERVA R003
        4: ASIGNAR-RESERVA H004 R009
        5: ASIGNAR-RESERVA H002 R008
        6: ASIGNAR-RESERVA H002 R016
        7: DESCARTAR-RESERVA R007
        8: ASIGNAR-RESERVA H002 R005
        9: DESCARTAR-RESERVA R001
       10: ASIGNAR-RESERVA H001 R020
       11: DESCARTAR-RESERVA R012
       12: ASIGNAR-RESERVA H003 R011
       13: DESCARTAR-RESERVA R010
       14: DESCARTAR-RESERVA R004
       15: DESCARTAR-RESERVA R018
       16: DESCARTAR-RESERVA R014
       17: DESCARTAR-RESERVA R013
       18: DESCARTAR-RESERVA R006
       19: ASIGNAR-RESERVA H006 R002
     

time spent:    0.00 seconds instantiating 20 easy, 41 hard action templates
               0.00 seconds reachability analysis, yielding 221 facts and 61 actions
               0.00 seconds creating final representation with 122 relevant facts, 2 relevant fluents
               0.00 seconds computing LNF
               0.00 seconds building connectivity graph
               0.00 seconds searching, evaluating 605 states, to a max depth of 0
               0.00 seconds total time

