
ff: parsing domain file
domain 'DOMINIO_HOTEL_EXT_1' defined
 ... done.
ff: parsing problem file
problem 'PROBLEMA_CASO_BASE' defined
 ... done.


metric established (normalized to minimize): ((1.00*[RF0](RESERVAS-DESCARTADAS)) - () + 0.00)

checking for cyclic := effects --- OK.

ff: search configuration is  best-first on 1*g(s) + 5*h(s) where
    metric is ((1.00*[RF0](RESERVAS-DESCARTADAS)) - () + 0.00)

advancing to distance:    5
                          4
                          3
                          2
                          1
                          0

ff: found legal plan as follows

step    0: DESCARTAR-RESERVA R005
        1: ASIGNAR-RESERVA H001 R003
        2: DESCARTAR-RESERVA R004
        3: ASIGNAR-RESERVA H001 R002
        4: ASIGNAR-RESERVA H001 R001
     

time spent:    0.00 seconds instantiating 5 easy, 5 hard action templates
               0.00 seconds reachability analysis, yielding 20 facts and 10 actions
               0.00 seconds creating final representation with 20 relevant facts, 1 relevant fluents
               0.00 seconds computing LNF
               0.00 seconds building connectivity graph
               0.00 seconds searching, evaluating 31 states, to a max depth of 0
               0.00 seconds total time

