
ff: parsing domain file
domain 'DOMINIO_HOTEL_EXT_4' defined
 ... done.
ff: parsing problem file
problem 'PROBLEMA_EXT_4' defined
 ... done.


metric established (normalized to minimize): ((10.00*[RF2](RESERVAS-DESCARTADAS)5.00*[RF0](HABITACIONES-ABIERTAS)1.00*[RF1](PLAZAS-DESPERDICIADAS)) - () + 0.00)

task contains conditional effects. turning off state domination.



checking for cyclic := effects --- OK.

ff: search configuration is  best-first on 1*g(s) + 5*h(s) where
    metric is ((10.00*[RF2](RESERVAS-DESCARTADAS)5.00*[RF0](HABITACIONES-ABIERTAS)1.00*[RF1](PLAZAS-DESPERDICIADAS)) - () + 0.00)

advancing to distance:   10
                          9
                          8
                          7
                          6
                          5
                          4
                          3
                          2
                          1
                          0

ff: found legal plan as follows

step    0: ASIGNAR-RESERVA H005 R008
        1: ASIGNAR-RESERVA H005 R004
        2: ASIGNAR-RESERVA H002 R010
        3: ASIGNAR-RESERVA H002 R001
        4: ASIGNAR-RESERVA H003 R006
        5: ASIGNAR-RESERVA H003 R002
        6: ASIGNAR-RESERVA H003 R007
        7: ASIGNAR-RESERVA H004 R003
        8: ASIGNAR-RESERVA H004 R005
        9: ASIGNAR-RESERVA H001 R009
     

time spent:    0.00 seconds instantiating 10 easy, 43 hard action templates
               0.00 seconds reachability analysis, yielding 123 facts and 53 actions
               0.00 seconds creating final representation with 116 relevant facts, 3 relevant fluents
               0.00 seconds computing LNF
               0.00 seconds building connectivity graph
               0.00 seconds searching, evaluating 215 states, to a max depth of 0
               0.00 seconds total time

