
ff: parsing domain file
domain 'DOMINIO_HOTEL_EXT_1' defined
 ... done.
ff: parsing problem file
problem 'PROBLEMA_CASO_BASE' defined
 ... done.


metric established (normalized to minimize): ((1.00*[RF0](RESERVAS-DESCARTADAS)) - () + 0.00)

checking for cyclic := effects --- OK.

ff: search configuration is  best-first on 1*g(s) + 5*h(s) where
    metric is ((1.00*[RF0](RESERVAS-DESCARTADAS)) - () + 0.00)

advancing to distance:    8
                          7
                          6
                          5
                          4
                          3
                          2
                          1
                          0

ff: found legal plan as follows

step    0: ASIGNAR-RESERVA H001 R008
        1: ASIGNAR-RESERVA H001 R004
        2: ASIGNAR-RESERVA H001 R002
        3: DESCARTAR-RESERVA R007
        4: DESCARTAR-RESERVA R006
        5: DESCARTAR-RESERVA R005
        6: ASIGNAR-RESERVA H002 R003
        7: ASIGNAR-RESERVA H002 R001
     

time spent:    0.00 seconds instantiating 8 easy, 16 hard action templates
               0.00 seconds reachability analysis, yielding 48 facts and 24 actions
               0.00 seconds creating final representation with 48 relevant facts, 1 relevant fluents
               0.00 seconds computing LNF
               0.00 seconds building connectivity graph
               0.00 seconds searching, evaluating 87 states, to a max depth of 0
               0.00 seconds total time

