
ff: parsing domain file
domain 'DOMINIO_HOTEL_EXT_3' defined
 ... done.
ff: parsing problem file
problem 'PROBLEMA_EXT_3' defined
 ... done.


metric established (normalized to minimize): ((5.00*[RF1](RESERVAS-DESCARTADAS)1.00*[RF0](PLAZAS-DESPERDICIADAS)) - () + 0.00)

checking for cyclic := effects --- OK.

ff: search configuration is  best-first on 1*g(s) + 5*h(s) where
    metric is ((5.00*[RF1](RESERVAS-DESCARTADAS)1.00*[RF0](PLAZAS-DESPERDICIADAS)) - () + 0.00)

advancing to distance:    2
                          1
                          0

ff: found legal plan as follows

step    0: DESCARTAR-RESERVA R002
        1: ASIGNAR-RESERVA H001 R001
     

time spent:    0.00 seconds instantiating 2 easy, 2 hard action templates
               0.00 seconds reachability analysis, yielding 8 facts and 4 actions
               0.00 seconds creating final representation with 8 relevant facts, 2 relevant fluents
               0.00 seconds computing LNF
               0.00 seconds building connectivity graph
               0.00 seconds searching, evaluating 7 states, to a max depth of 0
               0.00 seconds total time

